<?xml version="1.0" encoding="UTF-8"?>
<testng-results skipped="0" failed="0" total="1" passed="1">
  <reporter-output>
  </reporter-output>
  <suite name="Default suite" duration-ms="14" started-at="2014-10-30T06:10:58Z" finished-at="2014-10-30T06:10:58Z">
    <groups>
    </groups>
    <test name="testing" duration-ms="14" started-at="2014-10-30T06:10:58Z" finished-at="2014-10-30T06:10:58Z">
      <class name="anttest.helloworld">
        <test-method status="PASS" signature="testecho()[pri:0, instance:anttest.helloworld@923ef32]" name="testecho" duration-ms="5" started-at="2014-10-30T14:10:58Z" finished-at="2014-10-30T14:10:58Z">
          <reporter-output>
          </reporter-output>
        </test-method> <!-- testecho -->
      </class> <!-- anttest.helloworld -->
    </test> <!-- testing -->
  </suite> <!-- Default suite -->
</testng-results>
